[15:31:13] [main/INFO]: Environment: authHost='https://authserver.mojang.com', accountsHost='https://api.mojang.com', sessionHost='https://sessionserver.mojang.com', servicesHost='https://api.minecraftservices.com', name='PROD'
[15:31:13] [main/INFO]: Reloading ResourceManager: Default, bukkit
[15:31:13] [Worker-Main-12/INFO]: Loaded 7 recipes
[15:31:14] [Server thread/INFO]: Starting minecraft server version 1.16.5
[15:31:14] [Server thread/INFO]: Loading properties
[15:31:14] [Server thread/INFO]: This server is running CraftBukkit version 3004-Spigot-138d451-e5cb519 (MC: 1.16.5) (Implementing API version 1.16.5-R0.1-SNAPSHOT)
[15:31:14] [Server thread/INFO]: Debug logging is disabled
[15:31:14] [Server thread/INFO]: Server Ping Player Sample Count: 12
[15:31:14] [Server thread/INFO]: Using 4 threads for Netty based IO
[15:31:14] [Server thread/INFO]: Default game type: SURVIVAL
[15:31:14] [Server thread/INFO]: Generating keypair
[15:31:15] [Server thread/INFO]: Starting Minecraft server on *:25565
[15:31:15] [Server thread/INFO]: Using default channel type
[15:31:15] [Server thread/WARN]: **** SERVER IS RUNNING IN OFFLINE/INSECURE MODE!
[15:31:15] [Server thread/WARN]: The server will make no attempt to authenticate usernames. Beware.
[15:31:15] [Server thread/WARN]: While this makes the game possible to play without internet access, it also opens up the ability for hackers to connect with any username they choose.
[15:31:15] [Server thread/WARN]: To change this, set "online-mode" to "true" in the server.properties file.
[15:31:15] [Server thread/INFO]: Preparing level "world"
[15:31:15] [Server thread/INFO]: -------- World Settings For [world] --------
[15:31:15] [Server thread/INFO]: Hopper Transfer: 8 Hopper Check: 1 Hopper Amount: 1
[15:31:15] [Server thread/INFO]: Entity Activation Range: An 32 / Mo 32 / Ra 48 / Mi 16 / Tiv true
[15:31:15] [Server thread/INFO]: Entity Tracking Range: Pl 48 / An 48 / Mo 48 / Mi 32 / Other 64
[15:31:15] [Server thread/INFO]: Item Merge Radius: 2.5
[15:31:15] [Server thread/INFO]: Item Despawn Rate: 6000
[15:31:15] [Server thread/INFO]: View Distance: 10
[15:31:15] [Server thread/INFO]: Allow Zombie Pigmen to spawn from portal blocks: true
[15:31:15] [Server thread/INFO]: Arrow Despawn Rate: 1200 Trident Respawn Rate:1200
[15:31:15] [Server thread/INFO]: Mob Spawn Range: 6
[15:31:15] [Server thread/INFO]: Experience Merge Radius: 3.0
[15:31:15] [Server thread/INFO]: Cactus Growth Modifier: 100%
[15:31:15] [Server thread/INFO]: Cane Growth Modifier: 100%
[15:31:15] [Server thread/INFO]: Melon Growth Modifier: 100%
[15:31:15] [Server thread/INFO]: Mushroom Growth Modifier: 100%
[15:31:15] [Server thread/INFO]: Pumpkin Growth Modifier: 100%
[15:31:15] [Server thread/INFO]: Sapling Growth Modifier: 100%
[15:31:15] [Server thread/INFO]: Beetroot Growth Modifier: 100%
[15:31:15] [Server thread/INFO]: Carrot Growth Modifier: 100%
[15:31:15] [Server thread/INFO]: Potato Growth Modifier: 100%
[15:31:15] [Server thread/INFO]: Wheat Growth Modifier: 100%
[15:31:15] [Server thread/INFO]: NetherWart Growth Modifier: 100%
[15:31:15] [Server thread/INFO]: Vine Growth Modifier: 100%
[15:31:15] [Server thread/INFO]: Cocoa Growth Modifier: 100%
[15:31:15] [Server thread/INFO]: Bamboo Growth Modifier: 100%
[15:31:15] [Server thread/INFO]: SweetBerry Growth Modifier: 100%
[15:31:15] [Server thread/INFO]: Kelp Growth Modifier: 100%
[15:31:15] [Server thread/INFO]: Nerfing mobs spawned from spawners: false
[15:31:15] [Server thread/INFO]: Zombie Aggressive Towards Villager: true
[15:31:15] [Server thread/INFO]: Custom Map Seeds:  Village: 10387312 Desert: 14357617 Igloo: 14357618 Jungle: 14357619 Swamp: 14357620 Monument: 10387313 Ocean: 14357621 Shipwreck: 165745295 End City: 10387313 Slime: 987234911 Bastion: 30084232 Fortress: 30084232 Mansion: 10387319 Fossil: 14357921 Portal: 34222645
[15:31:15] [Server thread/INFO]: Max TNT Explosions: 100
[15:31:15] [Server thread/INFO]: Tile Max Tick Time: 50ms Entity max Tick Time: 50ms
[15:31:15] [Server thread/INFO]: -------- World Settings For [world_nether] --------
[15:31:15] [Server thread/INFO]: Hopper Transfer: 8 Hopper Check: 1 Hopper Amount: 1
[15:31:15] [Server thread/INFO]: Entity Activation Range: An 32 / Mo 32 / Ra 48 / Mi 16 / Tiv true
[15:31:15] [Server thread/INFO]: Entity Tracking Range: Pl 48 / An 48 / Mo 48 / Mi 32 / Other 64
[15:31:15] [Server thread/INFO]: Item Merge Radius: 2.5
[15:31:15] [Server thread/INFO]: Item Despawn Rate: 6000
[15:31:15] [Server thread/INFO]: View Distance: 10
[15:31:15] [Server thread/INFO]: Allow Zombie Pigmen to spawn from portal blocks: true
[15:31:15] [Server thread/INFO]: Arrow Despawn Rate: 1200 Trident Respawn Rate:1200
[15:31:15] [Server thread/INFO]: Mob Spawn Range: 6
[15:31:15] [Server thread/INFO]: Experience Merge Radius: 3.0
[15:31:15] [Server thread/INFO]: Cactus Growth Modifier: 100%
[15:31:15] [Server thread/INFO]: Cane Growth Modifier: 100%
[15:31:15] [Server thread/INFO]: Melon Growth Modifier: 100%
[15:31:15] [Server thread/INFO]: Mushroom Growth Modifier: 100%
[15:31:15] [Server thread/INFO]: Pumpkin Growth Modifier: 100%
[15:31:15] [Server thread/INFO]: Sapling Growth Modifier: 100%
[15:31:15] [Server thread/INFO]: Beetroot Growth Modifier: 100%
[15:31:15] [Server thread/INFO]: Carrot Growth Modifier: 100%
[15:31:15] [Server thread/INFO]: Potato Growth Modifier: 100%
[15:31:15] [Server thread/INFO]: Wheat Growth Modifier: 100%
[15:31:15] [Server thread/INFO]: NetherWart Growth Modifier: 100%
[15:31:15] [Server thread/INFO]: Vine Growth Modifier: 100%
[15:31:15] [Server thread/INFO]: Cocoa Growth Modifier: 100%
[15:31:15] [Server thread/INFO]: Bamboo Growth Modifier: 100%
[15:31:15] [Server thread/INFO]: SweetBerry Growth Modifier: 100%
[15:31:15] [Server thread/INFO]: Kelp Growth Modifier: 100%
[15:31:15] [Server thread/INFO]: Nerfing mobs spawned from spawners: false
[15:31:15] [Server thread/INFO]: Zombie Aggressive Towards Villager: true
[15:31:15] [Server thread/INFO]: Custom Map Seeds:  Village: 10387312 Desert: 14357617 Igloo: 14357618 Jungle: 14357619 Swamp: 14357620 Monument: 10387313 Ocean: 14357621 Shipwreck: 165745295 End City: 10387313 Slime: 987234911 Bastion: 30084232 Fortress: 30084232 Mansion: 10387319 Fossil: 14357921 Portal: 34222645
[15:31:15] [Server thread/INFO]: Max TNT Explosions: 100
[15:31:15] [Server thread/INFO]: Tile Max Tick Time: 50ms Entity max Tick Time: 50ms
[15:31:15] [Server thread/INFO]: -------- World Settings For [world_the_end] --------
[15:31:15] [Server thread/INFO]: Hopper Transfer: 8 Hopper Check: 1 Hopper Amount: 1
[15:31:15] [Server thread/INFO]: Entity Activation Range: An 32 / Mo 32 / Ra 48 / Mi 16 / Tiv true
[15:31:15] [Server thread/INFO]: Entity Tracking Range: Pl 48 / An 48 / Mo 48 / Mi 32 / Other 64
[15:31:15] [Server thread/INFO]: Item Merge Radius: 2.5
[15:31:15] [Server thread/INFO]: Item Despawn Rate: 6000
[15:31:15] [Server thread/INFO]: View Distance: 10
[15:31:15] [Server thread/INFO]: Allow Zombie Pigmen to spawn from portal blocks: true
[15:31:15] [Server thread/INFO]: Arrow Despawn Rate: 1200 Trident Respawn Rate:1200
[15:31:15] [Server thread/INFO]: Mob Spawn Range: 6
[15:31:15] [Server thread/INFO]: Experience Merge Radius: 3.0
[15:31:15] [Server thread/INFO]: Cactus Growth Modifier: 100%
[15:31:15] [Server thread/INFO]: Cane Growth Modifier: 100%
[15:31:15] [Server thread/INFO]: Melon Growth Modifier: 100%
[15:31:15] [Server thread/INFO]: Mushroom Growth Modifier: 100%
[15:31:15] [Server thread/INFO]: Pumpkin Growth Modifier: 100%
[15:31:15] [Server thread/INFO]: Sapling Growth Modifier: 100%
[15:31:15] [Server thread/INFO]: Beetroot Growth Modifier: 100%
[15:31:15] [Server thread/INFO]: Carrot Growth Modifier: 100%
[15:31:15] [Server thread/INFO]: Potato Growth Modifier: 100%
[15:31:15] [Server thread/INFO]: Wheat Growth Modifier: 100%
[15:31:15] [Server thread/INFO]: NetherWart Growth Modifier: 100%
[15:31:15] [Server thread/INFO]: Vine Growth Modifier: 100%
[15:31:15] [Server thread/INFO]: Cocoa Growth Modifier: 100%
[15:31:15] [Server thread/INFO]: Bamboo Growth Modifier: 100%
[15:31:15] [Server thread/INFO]: SweetBerry Growth Modifier: 100%
[15:31:15] [Server thread/INFO]: Kelp Growth Modifier: 100%
[15:31:15] [Server thread/INFO]: Nerfing mobs spawned from spawners: false
[15:31:15] [Server thread/INFO]: Zombie Aggressive Towards Villager: true
[15:31:15] [Server thread/INFO]: Custom Map Seeds:  Village: 10387312 Desert: 14357617 Igloo: 14357618 Jungle: 14357619 Swamp: 14357620 Monument: 10387313 Ocean: 14357621 Shipwreck: 165745295 End City: 10387313 Slime: 987234911 Bastion: 30084232 Fortress: 30084232 Mansion: 10387319 Fossil: 14357921 Portal: 34222645
[15:31:15] [Server thread/INFO]: Max TNT Explosions: 100
[15:31:15] [Server thread/INFO]: Tile Max Tick Time: 50ms Entity max Tick Time: 50ms
[15:31:15] [Server thread/INFO]: Preparing start region for dimension minecraft:overworld
[15:31:15] [Server thread/INFO]: Preparing spawn area: 0%
[15:31:15] [Server thread/INFO]: Preparing spawn area: 0%
[15:31:17] [Worker-Main-10/INFO]: Preparing spawn area: 83%
[15:31:17] [Worker-Main-12/INFO]: Preparing spawn area: 83%
[15:31:17] [Worker-Main-12/INFO]: Preparing spawn area: 95%
[15:31:17] [Server thread/INFO]: Time elapsed: 2363 ms
[15:31:17] [Server thread/INFO]: Preparing start region for dimension minecraft:the_nether
[15:31:17] [Server thread/INFO]: Preparing spawn area: 0%
[15:31:18] [Worker-Main-13/INFO]: Preparing spawn area: 83%
[15:31:18] [Worker-Main-14/INFO]: Preparing spawn area: 90%
[15:31:18] [Server thread/INFO]: Time elapsed: 1168 ms
[15:31:18] [Server thread/INFO]: Preparing start region for dimension minecraft:the_end
[15:31:19] [Server thread/INFO]: Preparing spawn area: 0%
[15:31:19] [Server thread/INFO]: Time elapsed: 365 ms
[15:31:19] [Server thread/INFO]: Server permissions file permissions.yml is empty, ignoring it
[15:31:19] [Server thread/INFO]: Done (4.050s)! For help, type "help"
[15:31:34] [User Authenticator #1/INFO]: UUID of player taltul123456 is bf0de3b5-5ce7-3c15-8ca7-d7bdd407fbd9
[15:31:34] [Server thread/INFO]: taltul123456[/127.0.0.1:50720] logged in with entity id 306 at ([world]-131.7075689152263, 91.85132613192941, 184.26490926466127)
[15:32:14] [Server thread/INFO]: taltul123456 issued server command: /minecraft:reload
[15:32:14] [Server thread/INFO]: [taltul123456: Reloading!]
[15:32:14] [Server thread/INFO]: Reloading ResourceManager: Default, bukkit
[15:32:14] [Server thread/INFO]: Loaded 7 recipes
[15:42:32] [Server thread/INFO]: Stopping the server
[15:42:32] [Server thread/INFO]: Stopping server
[15:42:32] [Server thread/INFO]: Saving players
[15:42:32] [Server thread/INFO]: taltul123456 lost connection: Server closed
[15:42:32] [Server thread/INFO]: taltul123456 left the game
[15:42:32] [Server thread/INFO]: Saving worlds
[15:42:32] [Server thread/INFO]: Saving chunks for level 'ServerLevel[world]'/minecraft:overworld
[15:42:32] [Server thread/INFO]: ThreadedAnvilChunkStorage (world): All chunks are saved
[15:42:32] [Server thread/INFO]: Saving chunks for level 'ServerLevel[world_nether]'/minecraft:the_nether
[15:42:32] [Server thread/INFO]: ThreadedAnvilChunkStorage (DIM-1): All chunks are saved
[15:42:32] [Server thread/INFO]: Saving chunks for level 'ServerLevel[world_the_end]'/minecraft:the_end
[15:42:32] [Server thread/INFO]: ThreadedAnvilChunkStorage (DIM1): All chunks are saved
[15:42:32] [Server thread/INFO]: ThreadedAnvilChunkStorage (world): All chunks are saved
[15:42:32] [Server thread/INFO]: ThreadedAnvilChunkStorage (DIM-1): All chunks are saved
[15:42:32] [Server thread/INFO]: ThreadedAnvilChunkStorage (DIM1): All chunks are saved
